  CashBox.cpp
  Item.cpp
c:\users\gabi\desktop\studijoms\c++\nd4\copy\1\1\item.cpp(99): warning C4244: 'initializing': conversion from 'T' to 'int', possible loss of data
          with
          [
              T=double
          ]
  c:\users\gabi\desktop\studijoms\c++\nd4\copy\1\1\item.cpp(16): note: see reference to function template instantiation 'void Demo::Item::set_price<double>(T)' being compiled
          with
          [
              T=double
          ]
  Slot.cpp
  machine.cpp
  main.cpp
  Generating Code...
c:\users\gabi\desktop\studijoms\c++\nd4\copy\1\1\machine.cpp(80): warning C4172: returning address of local variable or temporary: temp
c:\users\gabi\desktop\studijoms\c++\nd4\copy\1\1\slot.cpp(39): warning C4715: 'Demo::SlotBase::operator=': not all control paths return a value
c:\users\gabi\desktop\studijoms\c++\nd4\copy\1\1\item.cpp(166): warning C4715: 'Demo::operator>>': not all control paths return a value
  1.vcxproj -> C:\Users\Gabi\Desktop\Studijoms\C++\ND4\copy\1\Debug\1.exe
